{"name": "test_products_group", "status": "skipped", "statusDetails": {"message": "XFAIL Wait for fix bug\n\nselenium.common.exceptions.ElementClickInterceptedException: Message: element click intercepted: Element <a href=\"https://testqastudio.me?products_group=sale\" class=\"tab-sale \">...</a> is not clickable at point (661, 670). Other element would receive the click: <div class=\"catalog-toolbar-tabs__content\">...</div>\n  (Session info: chrome=117.0.5938.149)\nStacktrace:\n0   chromedriver                        0x000000010314ad68 chromedriver + 4337000\n1   chromedriver                        0x0000000103142de4 chromedriver + 4304356\n2   chromedriver                        0x0000000102d6fa5c chromedriver + 293468\n3   chromedriver                        0x0000000102dbb75c chromedriver + 603996\n4   chromedriver                        0x0000000102db9824 chromedriver + 596004\n5   chromedriver                        0x0000000102db744c chromedriver + 586828\n6   chromedriver                        0x0000000102db64c4 chromedriver + 582852\n7   chromedriver                        0x0000000102daa938 chromedriver + 534840\n8   chromedriver                        0x0000000102daa200 chromedriver + 532992\n9   chromedriver                        0x0000000102def908 chromedriver + 817416\n10  chromedriver                        0x0000000102da8a5c chromedriver + 526940\n11  chromedriver                        0x0000000102da9908 chromedriver + 530696\n12  chromedriver                        0x0000000103110db4 chromedriver + 4099508\n13  chromedriver                        0x0000000103115270 chromedriver + 4117104\n14  chromedriver                        0x000000010311b4fc chromedriver + 4142332\n15  chromedriver                        0x0000000103115d70 chromedriver + 4119920\n16  chromedriver                        0x00000001030eda44 chromedriver + 3955268\n17  chromedriver                        0x0000000103132a18 chromedriver + 4237848\n18  chromedriver                        0x0000000103132b94 chromedriver + 4238228\n19  chromedriver                        0x0000000103142a5c chromedriver + 4303452\n20  libsystem_pthread.dylib             0x00000001a3cd206c _pthread_start + 148\n21  libsystem_pthread.dylib             0x00000001a3ccce2c thread_start + 8", "trace": "tests/selenium.qa.studio-main/tests/test_shop.py:48: in test_products_group\n    element.click()\n        browser    = <selenium.webdriver.chrome.webdriver.WebDriver (session=\"f8e1f07cd41f303902692098bf538836\")>\n        element    = <selenium.webdriver.remote.webelement.WebElement (session=\"f8e1f07cd41f303902692098bf538836\", element=\"A986D9F1E7D55B0D55CDB164D9D9FC72_element_54\")>\n        elements   = [<selenium.webdriver.remote.webelement.WebElement (session=\"f8e1f07cd41f303902692098bf538836\", element=\"E68587190C0F70...lement.WebElement (session=\"f8e1f07cd41f303902692098bf538836\", element=\"E68587190C0F7055650F6768FBDE245C_element_33\")>]\n        expected_menu = [('Все', '', \"[class='tab-all active']\"), ('Бестселлеры', '/?products_group=best_sellers', \"[class='tab-best_sellers '... '/?products_group=new', \"[class='tab-new ']\"), ('Распродажа товаров', '/?products_group=sale', \"[class='tab-sale ']\")]\n        item       = ('Распродажа товаров', '/?products_group=sale', \"[class='tab-sale ']\")\n        menu_element = \"[class='catalog-toolbar-tabs__content'] a\"\nenv/lib/python3.12/site-packages/selenium/webdriver/remote/webelement.py:93: in click\n    self._execute(Command.CLICK_ELEMENT)\n        self       = <selenium.webdriver.remote.webelement.WebElement (session=\"f8e1f07cd41f303902692098bf538836\", element=\"A986D9F1E7D55B0D55CDB164D9D9FC72_element_54\")>\nenv/lib/python3.12/site-packages/selenium/webdriver/remote/webelement.py:394: in _execute\n    return self._parent.execute(command, params)\n        command    = 'clickElement'\n        params     = {'id': 'A986D9F1E7D55B0D55CDB164D9D9FC72_element_54'}\n        self       = <selenium.webdriver.remote.webelement.WebElement (session=\"f8e1f07cd41f303902692098bf538836\", element=\"A986D9F1E7D55B0D55CDB164D9D9FC72_element_54\")>\nenv/lib/python3.12/site-packages/selenium/webdriver/remote/webdriver.py:344: in execute\n    self.error_handler.check_response(response)\n        driver_command = 'clickElement'\n        params     = {}\n        response   = {'status': 400, 'value': '{\"value\":{\"error\":\"element click intercepted\",\"message\":\"element click intercepted: Element ...0001a3cd206c _pthread_start + 148\\\\n21  libsystem_pthread.dylib             0x00000001a3ccce2c thread_start + 8\\\\n\"}}'}\n        self       = <selenium.webdriver.chrome.webdriver.WebDriver (session=\"f8e1f07cd41f303902692098bf538836\")>\nenv/lib/python3.12/site-packages/selenium/webdriver/remote/errorhandler.py:229: in check_response\n    raise exception_class(message, screen, stacktrace)\nE   selenium.common.exceptions.ElementClickInterceptedException: Message: element click intercepted: Element <a href=\"https://testqastudio.me?products_group=sale\" class=\"tab-sale \">...</a> is not clickable at point (661, 670). Other element would receive the click: <div class=\"catalog-toolbar-tabs__content\">...</div>\nE     (Session info: chrome=117.0.5938.149)\nE   Stacktrace:\nE   0   chromedriver                        0x000000010314ad68 chromedriver + 4337000\nE   1   chromedriver                        0x0000000103142de4 chromedriver + 4304356\nE   2   chromedriver                        0x0000000102d6fa5c chromedriver + 293468\nE   3   chromedriver                        0x0000000102dbb75c chromedriver + 603996\nE   4   chromedriver                        0x0000000102db9824 chromedriver + 596004\nE   5   chromedriver                        0x0000000102db744c chromedriver + 586828\nE   6   chromedriver                        0x0000000102db64c4 chromedriver + 582852\nE   7   chromedriver                        0x0000000102daa938 chromedriver + 534840\nE   8   chromedriver                        0x0000000102daa200 chromedriver + 532992\nE   9   chromedriver                        0x0000000102def908 chromedriver + 817416\nE   10  chromedriver                        0x0000000102da8a5c chromedriver + 526940\nE   11  chromedriver                        0x0000000102da9908 chromedriver + 530696\nE   12  chromedriver                        0x0000000103110db4 chromedriver + 4099508\nE   13  chromedriver                        0x0000000103115270 chromedriver + 4117104\nE   14  chromedriver                        0x000000010311b4fc chromedriver + 4142332\nE   15  chromedriver                        0x0000000103115d70 chromedriver + 4119920\nE   16  chromedriver                        0x00000001030eda44 chromedriver + 3955268\nE   17  chromedriver                        0x0000000103132a18 chromedriver + 4237848\nE   18  chromedriver                        0x0000000103132b94 chromedriver + 4238228\nE   19  chromedriver                        0x0000000103142a5c chromedriver + 4303452\nE   20  libsystem_pthread.dylib             0x00000001a3cd206c _pthread_start + 148\nE   21  libsystem_pthread.dylib             0x00000001a3ccce2c thread_start + 8\n        e          = <selenium.webdriver.remote.errorhandler.ErrorCode object at 0x1049b58b0>\n        error_code = 'ELEMENT_CLICK_INTERCEPTED'\n        error_codes = ['ELEMENT_CLICK_INTERCEPTED', 'ELEMENT_IS_NOT_SELECTABLE', 'ELEMENT_NOT_INTERACTABLE', 'ELEMENT_NOT_VISIBLE', 'IME_ENGINE_ACTIVATION_FAILED', 'IME_NOT_AVAILABLE', ...]\n        error_info = [64, 'element click intercepted']\n        exception_class = <class 'selenium.common.exceptions.ElementClickInterceptedException'>\n        json       = <module 'json' from '/Library/Frameworks/Python.framework/Versions/3.12/lib/python3.12/json/__init__.py'>\n        message    = 'element click intercepted: Element <a href=\"https://testqastudio.me?products_group=sale\" class=\"tab-sale \">...</a> is...would receive the click: <div class=\"catalog-toolbar-tabs__content\">...</div>\\n  (Session info: chrome=117.0.5938.149)'\n        response   = {'status': 400, 'value': '{\"value\":{\"error\":\"element click intercepted\",\"message\":\"element click intercepted: Element ...0001a3cd206c _pthread_start + 148\\\\n21  libsystem_pthread.dylib             0x00000001a3ccce2c thread_start + 8\\\\n\"}}'}\n        screen     = None\n        self       = <selenium.webdriver.remote.errorhandler.ErrorHandler object at 0x1049e0c80>\n        st_value   = '0   chromedriver                        0x000000010314ad68 chromedriver + 4337000\\n1   chromedriver                  ...0x00000001a3cd206c _pthread_start + 148\\n21  libsystem_pthread.dylib             0x00000001a3ccce2c thread_start + 8\\n'\n        stacktrace = ['0   chromedriver                        0x000000010314ad68 chromedriver + 4337000', '1   chromedriver               ...db9824 chromedriver + 596004', '5   chromedriver                        0x0000000102db744c chromedriver + 586828', ...]\n        status     = 'element click intercepted'\n        value      = {'error': 'element click intercepted', 'message': 'element click intercepted: Element <a href=\"https://testqastudio.me...x00000001a3cd206c _pthread_start + 148\\n21  libsystem_pthread.dylib             0x00000001a3ccce2c thread_start + 8\\n'}\n        value_json = '{\"value\":{\"error\":\"element click intercepted\",\"message\":\"element click intercepted: Element \\\\u003Ca href=\\\\\"https://...00001a3cd206c _pthread_start + 148\\\\n21  libsystem_pthread.dylib             0x00000001a3ccce2c thread_start + 8\\\\n\"}}'"}, "description": "\n    Test case TC-2\n    ", "start": 1697390783814, "stop": 1697390789955, "uuid": "a03194e6-8b45-4f14-a623-7c8290994918", "historyId": "0bc670021539fe463c02c8dba0a06d5e", "testCaseId": "0bc670021539fe463c02c8dba0a06d5e", "fullName": "tests.selenium.qa.studio-main.tests.test_shop#test_products_group", "labels": [{"name": "tag", "value": "@pytest.mark.xfail(reason='Wait for fix bug')"}, {"name": "parentSuite", "value": "tests.selenium.qa.studio-main.tests"}, {"name": "suite", "value": "test_shop"}, {"name": "host", "value": "Air-Anna.IGD_Rostelecom"}, {"name": "thread", "value": "2284-MainThread"}, {"name": "framework", "value": "pytest"}, {"name": "language", "value": "cpython3"}, {"name": "package", "value": "tests.selenium.qa.studio-main.tests.test_shop"}]}